1483796166470	geckodriver	INFO	Listening on 127.0.0.1:10321
1483796168454	mozprofile::profile	INFO	Using profile path C:\Users\Administrator\AppData\Local\Temp\rust_mozprofile.fc5kCGca5PNh
1483796168463	geckodriver::marionette	INFO	Starting browser D:\Mozilla Firefox\firefox.exe
1483796168496	geckodriver::marionette	INFO	Connecting to Marionette on localhost:10327
1483796169362	Marionette	INFO	Listening on port 10327
1483796414556	geckodriver	INFO	Listening on 127.0.0.1:10655
1483796416555	mozprofile::profile	INFO	Using profile path C:\Users\Administrator\AppData\Local\Temp\rust_mozprofile.AlnMGShwqzcA
1483796416560	geckodriver::marionette	INFO	Starting browser D:\Mozilla Firefox\firefox.exe
1483796416566	geckodriver::marionette	INFO	Connecting to Marionette on localhost:10661
1483796417444	Marionette	INFO	Listening on port 10661
1483796502422	addons.productaddons	WARN	Failed downloading via XHR, status: 0, reason: error
1483796502426	addons.productaddons	WARN	Failed downloading via XHR, status: 0, reason: error
1483796502429	addons.productaddons	WARN	Failed downloading via XHR, status: 0, reason: error
83796497020	geckodriver::marionette	INFO	Connecting to Marionette on localhost:10819
1483796497697	Marionette	INFO	Listening on port 10819
[Child 1092] WARNING: pipe error: 109: file c:/builds/moz2_slave/m-rel-w32-00000000000000000000/build/src/ipc/chromium/src/chrome/common/ipc_channel_win.cc, line 346
zprofile.DJsFf7ka5XF3
1483796717446	geckodriver::marionette	INFO	Starting browser D:\Mozilla Firefox\firefox.exe
1483796717452	geckodriver::marionette	INFO	Connecting to Marionette on localhost:11008
1483796718179	Marionette	INFO	Listening on port 11008
